Arguments: 
  C:\Program Files\nodejs\node.exe C:\Program Files\nodejs\node_modules\yarn\bin\yarn.js add babel-ployfill

PATH: 
  C:\ProgramData\Oracle\Java\javapath;C:\WINDOWS\system32;C:\WINDOWS;C:\WINDOWS\System32\Wbem;C:\WINDOWS\System32\WindowsPowerShell\v1.0\;D:\Android-SDK\tools;D:\Git\cmd;E:\ParaCraftSDK\NPLRuntime\win\bin;C:\Program Files\Java\apache-maven-3.3.9\bin;C:\Program Files\Java\jdk1.8.0_112\bin;C:\Program Files\Java\jdk1.8.0_112\jre\bin;D:\mongodb\bin;C:\Program Files\nodejs\;D:\Android-SDK\platform-tools;D:\Android-SDK\tools;D:\cmder_mini\Cmder.exe;C:\WINDOWS\System32\OpenSSH\;C:\Program Files\TortoiseGit\bin;D:\tool\VSCodeSetup\Microsoft VS Code Insiders\bin;D:\tool\mysql\bin;C:\Users\gzhou\AppData\Local\Programs\Python\Python37\Scripts\;C:\Users\gzhou\AppData\Local\Programs\Python\Python37\;C:\Users\郭周\AppData\Local\Microsoft\WindowsApps;C:\Users\郭周\AppData\Roaming\npm;C:\Users\郭周\AppData\Local\atom\bin;C:\Users\gzhou\AppData\Roaming\npm;C:\Users\gzhou\AppData\Local\Microsoft\WindowsApps;C:\Program Files\Microsoft VS Code\bin;C:\Users\gzhou\AppData\Local\Microsoft\WindowsApps;C:\Program Files (x86)\Egret\Egret Wing 3\bin

Yarn version: 
  1.12.3

Node version: 
  8.1.3

Platform: 
  win32 x64

Trace: 
  Error: https://registry.npmjs.org/babel-ployfill: Not found
      at Request.params.callback [as _callback] (C:\Program Files\nodejs\node_modules\yarn\lib\cli.js:65894:18)
      at Request.self.callback (C:\Program Files\nodejs\node_modules\yarn\lib\cli.js:129018:22)
      at emitTwo (events.js:125:13)
      at Request.emit (events.js:213:7)
      at Request.<anonymous> (C:\Program Files\nodejs\node_modules\yarn\lib\cli.js:129990:10)
      at emitOne (events.js:115:13)
      at Request.emit (events.js:210:7)
      at IncomingMessage.<anonymous> (C:\Program Files\nodejs\node_modules\yarn\lib\cli.js:129912:12)
      at Object.onceWrapper (events.js:314:30)
      at emitNone (events.js:110:20)
      at IncomingMessage.emit (events.js:207:7)

npm manifest: 
  {
    "name": "zysc",
    "version": "1.0.0",
    "description": "A Vue.js project",
    "author": "huangjs <huangjs@idreamtech.com.cn>",
    "private": true,
    "scripts": {
      "dev": "node build/dev-server.js",
      "build": "node build/build.js"
    },
    "dependencies": {
      "@lassehaslev/vue-downloader": "^0.1.0",
      "@xkeshi/vue-qrcode": "^0.3.0",
      "area-data": "^5.0.6",
      "babel-polyfill": "^6.26.0",
      "element-ui": "^2.4.1",
      "vue": "^2.2.2",
      "vue-area-linkage": "^5.0.0",
      "vue-quill-editor": "^3.0.6",
      "vue-router": "^2.2.0",
      "vuex": "^2.3.1"
    },
    "devDependencies": {
      "autoprefixer": "^6.7.2",
      "axios": "^0.16.1",
      "babel-core": "^6.22.1",
      "babel-loader": "^6.2.10",
      "babel-plugin-transform-runtime": "^6.22.0",
      "babel-preset-env": "^1.2.1",
      "babel-preset-stage-2": "^6.22.0",
      "babel-register": "^6.22.0",
      "chalk": "^1.1.3",
      "connect-history-api-fallback": "^1.3.0",
      "copy-webpack-plugin": "^4.0.1",
      "css-loader": "^0.26.1",
      "es6-promise": "^4.2.5",
      "eventsource-polyfill": "^0.9.6",
      "express": "^4.14.1",
      "extract-text-webpack-plugin": "^2.0.0",
      "file-loader": "^0.10.0",
      "friendly-errors-webpack-plugin": "^1.1.3",
      "function-bind": "^1.1.0",
      "html-webpack-plugin": "^2.28.0",
      "http-proxy-middleware": "^0.17.3",
      "less": "^2.3.1",
      "less-loader": "^2.2.3",
      "node-sass": "^4.9.2",
      "opn": "^4.0.2",
      "optimize-css-assets-webpack-plugin": "^1.3.0",
      "ora": "^1.1.0",
      "rimraf": "^2.6.0",
      "sass-loader": "^7.0.3",
      "semver": "^5.3.0",
      "url-loader": "^0.5.7",
      "vue-axios": "^2.0.1",
      "vue-loader": "^11.1.4",
      "vue-style-loader": "^2.0.0",
      "vue-template-compiler": "^2.2.4",
      "webpack": "^2.2.1",
      "webpack-bundle-analyzer": "^2.11.1",
      "webpack-dev-middleware": "^1.10.0",
      "webpack-hot-middleware": "^2.16.1",
      "webpack-merge": "^2.6.1"
    },
    "engines": {
      "node": ">= 4.0.0",
      "npm": ">= 3.0.0"
    },
    "browserslist": [
      "> 1%",
      "last 2 versions",
      "not ie <= 8"
    ]
  }

yarn manifest: 
  No manifest

Lockfile: 
  No lockfile
